# JRE version: Java(TM) SE Runtime Environment (9.0+11) (build 9.0.4+11)
# Java VM: Java HotSpot(TM) 64-Bit Server VM (9.0.4+11, mixed mode, tiered, compressed oops, g1 gc, linux-amd64)
Heap:
 garbage-first heap   total 184320K, used 8849K [0x00000000c4200000, 0x00000000c43005a0, 0x0000000100000000)
  region size 1024K, 1 young (1024K), 1 survivors (1024K)
 Metaspace       used 15686K, capacity 16252K, committed 16512K, reserved 1064960K
  class space    used 1741K, capacity 1883K, committed 1920K, reserved 1048576K
GC Heap History (10 events):
Event: 3,053 GC heap after
{Heap after GC invocations=1 (full 0):
 garbage-first heap   total 61440K, used 7275K [0x00000000c4200000, 0x00000000c43001e0, 0x0000000100000000)
  region size 1024K, 2 young (2048K), 2 survivors (2048K)
 Metaspace       used 9396K, capacity 9732K, committed 9984K, reserved 1058816K
  class space    used 912K, capacity 1009K, committed 1024K, reserved 1048576K
}
Event: 3,465 GC heap before
{Heap before GC invocations=1 (full 0):
 garbage-first heap   total 61440K, used 11371K [0x00000000c4200000, 0x00000000c43001e0, 0x0000000100000000)
  region size 1024K, 6 young (6144K), 2 survivors (2048K)
 Metaspace       used 9977K, capacity 10340K, committed 10624K, reserved 1058816K
  class space    used 1008K, capacity 1105K, committed 1152K, reserved 1048576K
}
Event: 3,468 GC heap after
{Heap after GC invocations=2 (full 0):
 garbage-first heap   total 61440K, used 8095K [0x00000000c4200000, 0x00000000c43001e0, 0x0000000100000000)
  region size 1024K, 1 young (1024K), 1 survivors (1024K)
 Metaspace       used 9977K, capacity 10340K, committed 10624K, reserved 1058816K
  class space    used 1008K, capacity 1105K, committed 1152K, reserved 1048576K
}
Event: 4,771 GC heap before
{Heap before GC invocations=2 (full 0):
 garbage-first heap   total 61440K, used 25503K [0x00000000c4200000, 0x00000000c43001e0, 0x0000000100000000)
  region size 1024K, 18 young (18432K), 1 survivors (1024K)
 Metaspace       used 13590K, capacity 14012K, committed 14208K, reserved 1062912K
  class space    used 1535K, capacity 1637K, committed 1664K, reserved 1048576K
}
Event: 4,775 GC heap after
{Heap after GC invocations=3 (full 0):
 garbage-first heap   total 61440K, used 10422K [0x00000000c4200000, 0x00000000c43001e0, 0x0000000100000000)
  region size 1024K, 3 young (3072K), 3 survivors (3072K)
 Metaspace       used 13590K, capacity 14012K, committed 14208K, reserved 1062912K
  class space    used 1535K, capacity 1637K, committed 1664K, reserved 1048576K
}
Event: 393,348 GC heap before
{Heap before GC invocations=3 (full 0):
 garbage-first heap   total 61440K, used 30902K [0x00000000c4200000, 0x00000000c43001e0, 0x0000000100000000)
  region size 1024K, 23 young (23552K), 3 survivors (3072K)
 Metaspace       used 15686K, capacity 16252K, committed 16512K, reserved 1064960K
  class space    used 1741K, capacity 1883K, committed 1920K, reserved 1048576K
}
Event: 397,069 GC heap after
{Heap after GC invocations=4 (full 0):
 garbage-first heap   total 61440K, used 9487K [0x00000000c4200000, 0x00000000c43001e0, 0x0000000100000000)
  region size 1024K, 2 young (2048K), 2 survivors (2048K)
 Metaspace       used 15686K, capacity 16252K, committed 16512K, reserved 1064960K
  class space    used 1741K, capacity 1883K, committed 1920K, reserved 1048576K
}
Event: 421,775 GC heap before
{Heap before GC invocations=4 (full 0):
 garbage-first heap   total 61440K, used 10511K [0x00000000c4200000, 0x00000000c43001e0, 0x0000000100000000)
  region size 1024K, 3 young (3072K), 2 survivors (2048K)
 Metaspace       used 15686K, capacity 16252K, committed 16512K, reserved 1064960K
  class space    used 1741K, capacity 1883K, committed 1920K, reserved 1048576K
}
Event: 423,923 GC heap after
{Heap after GC invocations=5 (full 0):
 garbage-first heap   total 61440K, used 8979K [0x00000000c4200000, 0x00000000c43001e0, 0x0000000100000000)
  region size 1024K, 1 young (1024K), 1 survivors (1024K)
 Metaspace       used 15686K, capacity 16252K, committed 16512K, reserved 1064960K
  class space    used 1741K, capacity 1883K, committed 1920K, reserved 1048576K
}
Event: 532,159 GC heap before
{Heap before GC invocations=5 (full 0):
 garbage-first heap   total 61440K, used 11027K [0x00000000c4200000, 0x00000000c43001e0, 0x0000000100000000)
  region size 1024K, 3 young (3072K), 1 survivors (1024K)
 Metaspace       used 15686K, capacity 16252K, committed 16512K, reserved 1064960K
  class space    used 1741K, capacity 1883K, committed 1920K, reserved 1048576K
}

